0 info it worked if it ends with ok
1 verbose cli [ '/usr/bin/node', '/usr/bin/npm', 'install', 'express' ]
2 info using npm@3.5.2
3 info using node@v8.10.0
4 silly loadCurrentTree Starting
5 silly install loadCurrentTree
6 silly install readLocalPackageData
7 silly fetchPackageMetaData express
8 silly fetchNamedPackageData express
9 silly mapToRegistry name express
10 silly mapToRegistry using default registry
11 silly mapToRegistry registry https://registry.npmjs.org/
12 silly mapToRegistry uri https://registry.npmjs.org/express
13 verbose request uri https://registry.npmjs.org/express
14 verbose request no auth needed
15 info attempt registry request try #1 at 4:59:31 PM
16 verbose request id 788be35e7da21e2b
17 verbose etag W/"fe1819ac43801ff43fb745b2bdce2829"
18 verbose lastModified Fri, 13 Dec 2019 13:47:55 GMT
19 http request GET https://registry.npmjs.org/express
20 http 304 https://registry.npmjs.org/express
21 verbose headers { date: 'Mon, 16 Dec 2019 09:59:31 GMT',
21 verbose headers   connection: 'keep-alive',
21 verbose headers   'set-cookie':
21 verbose headers    [ '__cfduid=d75f14991447be56fc80ee61fccbe24341576490371; expires=Wed, 15-Jan-20 09:59:31 GMT; path=/; domain=.npmjs.org; HttpOnly' ],
21 verbose headers   'cf-ray': '545fce166c87cbd8-SIN',
21 verbose headers   age: '6933',
21 verbose headers   'cache-control': 'public, max-age=300',
21 verbose headers   etag: '"fe1819ac43801ff43fb745b2bdce2829"',
21 verbose headers   'last-modified': 'Fri, 13 Dec 2019 13:47:55 GMT',
21 verbose headers   vary: 'Accept-Encoding',
21 verbose headers   'cf-cache-status': 'HIT',
21 verbose headers   'expect-ct': 'max-age=604800, report-uri="https://report-uri.cloudflare.com/cdn-cgi/beacon/expect-ct"',
21 verbose headers   server: 'cloudflare' }
22 silly get cb [ 304,
22 silly get   { date: 'Mon, 16 Dec 2019 09:59:31 GMT',
22 silly get     connection: 'keep-alive',
22 silly get     'set-cookie':
22 silly get      [ '__cfduid=d75f14991447be56fc80ee61fccbe24341576490371; expires=Wed, 15-Jan-20 09:59:31 GMT; path=/; domain=.npmjs.org; HttpOnly' ],
22 silly get     'cf-ray': '545fce166c87cbd8-SIN',
22 silly get     age: '6933',
22 silly get     'cache-control': 'public, max-age=300',
22 silly get     etag: '"fe1819ac43801ff43fb745b2bdce2829"',
22 silly get     'last-modified': 'Fri, 13 Dec 2019 13:47:55 GMT',
22 silly get     vary: 'Accept-Encoding',
22 silly get     'cf-cache-status': 'HIT',
22 silly get     'expect-ct': 'max-age=604800, report-uri="https://report-uri.cloudflare.com/cdn-cgi/beacon/expect-ct"',
22 silly get     server: 'cloudflare' } ]
23 verbose etag https://registry.npmjs.org/express from cache
24 verbose get saving express to /home/penguin/.npm/registry.npmjs.org/express/.cache.json
25 silly install normalizeTree
26 silly loadCurrentTree Finishing
27 silly loadIdealTree Starting
28 silly install loadIdealTree
29 silly cloneCurrentTree Starting
30 silly install cloneCurrentTreeToIdealTree
31 silly cloneCurrentTree Finishing
32 silly loadShrinkwrap Starting
33 silly install loadShrinkwrap
34 silly loadShrinkwrap Finishing
35 silly loadAllDepsIntoIdealTree Starting
36 silly install loadAllDepsIntoIdealTree
37 silly resolveWithNewModule express@4.17.1 checking installable status
38 silly cache add args [ 'express', null ]
39 verbose cache add spec express
40 silly cache add parsed spec Result {
40 silly cache add   raw: 'express',
40 silly cache add   scope: null,
40 silly cache add   name: 'express',
40 silly cache add   rawSpec: '',
40 silly cache add   spec: 'latest',
40 silly cache add   type: 'tag' }
41 silly addNamed express@latest
42 verbose addNamed "latest" is being treated as a dist-tag for express
43 info addNameTag [ 'express', 'latest' ]
44 silly mapToRegistry name express
45 silly mapToRegistry using default registry
46 silly mapToRegistry registry https://registry.npmjs.org/
47 silly mapToRegistry uri https://registry.npmjs.org/express
48 verbose addNameTag registry:https://registry.npmjs.org/express not in flight; fetching
49 verbose get https://registry.npmjs.org/express not expired, no request
50 silly addNameTag next cb for express with tag latest
51 silly addNamed express@4.17.1
52 verbose addNamed "4.17.1" is a plain semver version for express
53 silly cache afterAdd express@4.17.1
54 verbose afterAdd /home/penguin/.npm/express/4.17.1/package/package.json not in flight; writing
55 verbose afterAdd /home/penguin/.npm/express/4.17.1/package/package.json written
56 silly fetchNamedPackageData send
57 silly mapToRegistry name send
58 silly mapToRegistry using default registry
59 silly mapToRegistry registry https://registry.npmjs.org/
60 silly mapToRegistry uri https://registry.npmjs.org/send
61 verbose request uri https://registry.npmjs.org/send
62 verbose request no auth needed
63 info attempt registry request try #1 at 4:59:31 PM
64 verbose etag W/"bf3c29ebbaf0309755baa3d2e69de77f"
65 verbose lastModified Sat, 11 May 2019 01:40:59 GMT
66 http request GET https://registry.npmjs.org/send
67 http 304 https://registry.npmjs.org/send
68 verbose headers { date: 'Mon, 16 Dec 2019 09:59:31 GMT',
68 verbose headers   connection: 'keep-alive',
68 verbose headers   'set-cookie':
68 verbose headers    [ '__cfduid=d75f14991447be56fc80ee61fccbe24341576490371; expires=Wed, 15-Jan-20 09:59:31 GMT; path=/; domain=.npmjs.org; HttpOnly' ],
68 verbose headers   'cf-ray': '545fce1839f5cbd8-SIN',
68 verbose headers   age: '1572',
68 verbose headers   'cache-control': 'public, max-age=300',
68 verbose headers   etag: '"bf3c29ebbaf0309755baa3d2e69de77f"',
68 verbose headers   'last-modified': 'Sat, 11 May 2019 01:40:59 GMT',
68 verbose headers   vary: 'Accept-Encoding',
68 verbose headers   'cf-cache-status': 'HIT',
68 verbose headers   'expect-ct': 'max-age=604800, report-uri="https://report-uri.cloudflare.com/cdn-cgi/beacon/expect-ct"',
68 verbose headers   server: 'cloudflare' }
69 silly get cb [ 304,
69 silly get   { date: 'Mon, 16 Dec 2019 09:59:31 GMT',
69 silly get     connection: 'keep-alive',
69 silly get     'set-cookie':
69 silly get      [ '__cfduid=d75f14991447be56fc80ee61fccbe24341576490371; expires=Wed, 15-Jan-20 09:59:31 GMT; path=/; domain=.npmjs.org; HttpOnly' ],
69 silly get     'cf-ray': '545fce1839f5cbd8-SIN',
69 silly get     age: '1572',
69 silly get     'cache-control': 'public, max-age=300',
69 silly get     etag: '"bf3c29ebbaf0309755baa3d2e69de77f"',
69 silly get     'last-modified': 'Sat, 11 May 2019 01:40:59 GMT',
69 silly get     vary: 'Accept-Encoding',
69 silly get     'cf-cache-status': 'HIT',
69 silly get     'expect-ct': 'max-age=604800, report-uri="https://report-uri.cloudflare.com/cdn-cgi/beacon/expect-ct"',
69 silly get     server: 'cloudflare' } ]
70 verbose etag https://registry.npmjs.org/send from cache
71 verbose get saving send to /home/penguin/.npm/registry.npmjs.org/send/.cache.json
72 silly resolveWithNewModule send@0.17.1 checking installable status
73 silly cache add args [ 'send@0.17.1', null ]
74 verbose cache add spec send@0.17.1
75 silly cache add parsed spec Result {
75 silly cache add   raw: 'send@0.17.1',
75 silly cache add   scope: null,
75 silly cache add   name: 'send',
75 silly cache add   rawSpec: '0.17.1',
75 silly cache add   spec: '0.17.1',
75 silly cache add   type: 'version' }
76 silly addNamed send@0.17.1
77 verbose addNamed "0.17.1" is a plain semver version for send
78 silly mapToRegistry name send
79 silly mapToRegistry using default registry
80 silly mapToRegistry registry https://registry.npmjs.org/
81 silly mapToRegistry uri https://registry.npmjs.org/send
82 verbose addNameVersion registry:https://registry.npmjs.org/send not in flight; fetching
83 verbose get https://registry.npmjs.org/send not expired, no request
84 silly cache afterAdd send@0.17.1
85 verbose afterAdd /home/penguin/.npm/send/0.17.1/package/package.json not in flight; writing
86 verbose afterAdd /home/penguin/.npm/send/0.17.1/package/package.json written
87 silly fetchNamedPackageData mime
88 silly mapToRegistry name mime
89 silly mapToRegistry using default registry
90 silly mapToRegistry registry https://registry.npmjs.org/
91 silly mapToRegistry uri https://registry.npmjs.org/mime
92 silly fetchNamedPackageData ms
93 silly mapToRegistry name ms
94 silly mapToRegistry using default registry
95 silly mapToRegistry registry https://registry.npmjs.org/
96 silly mapToRegistry uri https://registry.npmjs.org/ms
97 verbose request uri https://registry.npmjs.org/mime
98 verbose request no auth needed
99 info attempt registry request try #1 at 4:59:31 PM
100 verbose etag W/"f782b2cd779406acfbf9987a6c6b0d34"
101 verbose lastModified Fri, 07 Jun 2019 18:37:26 GMT
102 http request GET https://registry.npmjs.org/mime
103 verbose request uri https://registry.npmjs.org/ms
104 verbose request no auth needed
105 info attempt registry request try #1 at 4:59:31 PM
106 verbose etag W/"a63b181da05c5d508b690ddec6528f31"
107 verbose lastModified Wed, 11 Dec 2019 19:23:42 GMT
108 http request GET https://registry.npmjs.org/ms
109 http 304 https://registry.npmjs.org/mime
110 verbose headers { date: 'Mon, 16 Dec 2019 09:59:32 GMT',
110 verbose headers   connection: 'keep-alive',
110 verbose headers   'set-cookie':
110 verbose headers    [ '__cfduid=d6c688c707b91b9238f62e912ce87cd241576490372; expires=Wed, 15-Jan-20 09:59:32 GMT; path=/; domain=.npmjs.org; HttpOnly' ],
110 verbose headers   'cf-ray': '545fce190ca2cbd8-SIN',
110 verbose headers   age: '3521',
110 verbose headers   'cache-control': 'public, max-age=300',
110 verbose headers   etag: '"f782b2cd779406acfbf9987a6c6b0d34"',
110 verbose headers   'last-modified': 'Fri, 07 Jun 2019 18:37:26 GMT',
110 verbose headers   vary: 'Accept-Encoding',
110 verbose headers   'cf-cache-status': 'HIT',
110 verbose headers   'expect-ct': 'max-age=604800, report-uri="https://report-uri.cloudflare.com/cdn-cgi/beacon/expect-ct"',
110 verbose headers   server: 'cloudflare' }
111 silly get cb [ 304,
111 silly get   { date: 'Mon, 16 Dec 2019 09:59:32 GMT',
111 silly get     connection: 'keep-alive',
111 silly get     'set-cookie':
111 silly get      [ '__cfduid=d6c688c707b91b9238f62e912ce87cd241576490372; expires=Wed, 15-Jan-20 09:59:32 GMT; path=/; domain=.npmjs.org; HttpOnly' ],
111 silly get     'cf-ray': '545fce190ca2cbd8-SIN',
111 silly get     age: '3521',
111 silly get     'cache-control': 'public, max-age=300',
111 silly get     etag: '"f782b2cd779406acfbf9987a6c6b0d34"',
111 silly get     'last-modified': 'Fri, 07 Jun 2019 18:37:26 GMT',
111 silly get     vary: 'Accept-Encoding',
111 silly get     'cf-cache-status': 'HIT',
111 silly get     'expect-ct': 'max-age=604800, report-uri="https://report-uri.cloudflare.com/cdn-cgi/beacon/expect-ct"',
111 silly get     server: 'cloudflare' } ]
112 verbose etag https://registry.npmjs.org/mime from cache
113 verbose get saving mime to /home/penguin/.npm/registry.npmjs.org/mime/.cache.json
114 silly resolveWithNewModule mime@1.6.0 checking installable status
115 silly cache add args [ 'mime@1.6.0', null ]
116 verbose cache add spec mime@1.6.0
117 silly cache add parsed spec Result {
117 silly cache add   raw: 'mime@1.6.0',
117 silly cache add   scope: null,
117 silly cache add   name: 'mime',
117 silly cache add   rawSpec: '1.6.0',
117 silly cache add   spec: '1.6.0',
117 silly cache add   type: 'version' }
118 silly addNamed mime@1.6.0
119 verbose addNamed "1.6.0" is a plain semver version for mime
120 silly mapToRegistry name mime
121 silly mapToRegistry using default registry
122 silly mapToRegistry registry https://registry.npmjs.org/
123 silly mapToRegistry uri https://registry.npmjs.org/mime
124 verbose addNameVersion registry:https://registry.npmjs.org/mime not in flight; fetching
125 verbose get https://registry.npmjs.org/mime not expired, no request
126 silly cache afterAdd mime@1.6.0
127 verbose afterAdd /home/penguin/.npm/mime/1.6.0/package/package.json not in flight; writing
128 verbose afterAdd /home/penguin/.npm/mime/1.6.0/package/package.json written
129 http 304 https://registry.npmjs.org/ms
130 verbose headers { date: 'Mon, 16 Dec 2019 09:59:32 GMT',
130 verbose headers   connection: 'keep-alive',
130 verbose headers   'set-cookie':
130 verbose headers    [ '__cfduid=dbf0c3326f2796dece880401f382f1ef71576490372; expires=Wed, 15-Jan-20 09:59:32 GMT; path=/; domain=.npmjs.org; HttpOnly' ],
130 verbose headers   'cf-ray': '545fce194ab6ddf1-SIN',
130 verbose headers   age: '1389',
130 verbose headers   'cache-control': 'public, max-age=300',
130 verbose headers   etag: '"a63b181da05c5d508b690ddec6528f31"',
130 verbose headers   'last-modified': 'Wed, 11 Dec 2019 19:23:42 GMT',
130 verbose headers   vary: 'Accept-Encoding',
130 verbose headers   'cf-cache-status': 'HIT',
130 verbose headers   'expect-ct': 'max-age=604800, report-uri="https://report-uri.cloudflare.com/cdn-cgi/beacon/expect-ct"',
130 verbose headers   server: 'cloudflare' }
131 silly get cb [ 304,
131 silly get   { date: 'Mon, 16 Dec 2019 09:59:32 GMT',
131 silly get     connection: 'keep-alive',
131 silly get     'set-cookie':
131 silly get      [ '__cfduid=dbf0c3326f2796dece880401f382f1ef71576490372; expires=Wed, 15-Jan-20 09:59:32 GMT; path=/; domain=.npmjs.org; HttpOnly' ],
131 silly get     'cf-ray': '545fce194ab6ddf1-SIN',
131 silly get     age: '1389',
131 silly get     'cache-control': 'public, max-age=300',
131 silly get     etag: '"a63b181da05c5d508b690ddec6528f31"',
131 silly get     'last-modified': 'Wed, 11 Dec 2019 19:23:42 GMT',
131 silly get     vary: 'Accept-Encoding',
131 silly get     'cf-cache-status': 'HIT',
131 silly get     'expect-ct': 'max-age=604800, report-uri="https://report-uri.cloudflare.com/cdn-cgi/beacon/expect-ct"',
131 silly get     server: 'cloudflare' } ]
132 verbose etag https://registry.npmjs.org/ms from cache
133 verbose get saving ms to /home/penguin/.npm/registry.npmjs.org/ms/.cache.json
134 silly resolveWithNewModule ms@2.1.1 checking installable status
135 silly cache add args [ 'ms@2.1.1', null ]
136 verbose cache add spec ms@2.1.1
137 silly cache add parsed spec Result {
137 silly cache add   raw: 'ms@2.1.1',
137 silly cache add   scope: null,
137 silly cache add   name: 'ms',
137 silly cache add   rawSpec: '2.1.1',
137 silly cache add   spec: '2.1.1',
137 silly cache add   type: 'version' }
138 silly addNamed ms@2.1.1
139 verbose addNamed "2.1.1" is a plain semver version for ms
140 silly mapToRegistry name ms
141 silly mapToRegistry using default registry
142 silly mapToRegistry registry https://registry.npmjs.org/
143 silly mapToRegistry uri https://registry.npmjs.org/ms
144 verbose addNameVersion registry:https://registry.npmjs.org/ms not in flight; fetching
145 verbose get https://registry.npmjs.org/ms not expired, no request
146 silly cache afterAdd ms@2.1.1
147 verbose afterAdd /home/penguin/.npm/ms/2.1.1/package/package.json not in flight; writing
148 verbose afterAdd /home/penguin/.npm/ms/2.1.1/package/package.json written
149 silly loadAllDepsIntoIdealTree Finishing
150 silly idealTree:prePrune server@1.0.0
150 silly idealTree:prePrune ├── accepts@1.3.7
150 silly idealTree:prePrune ├── array-flatten@1.1.1
150 silly idealTree:prePrune ├── body-parser@1.19.0
150 silly idealTree:prePrune ├── bytes@3.1.0
150 silly idealTree:prePrune ├── content-disposition@0.5.3
150 silly idealTree:prePrune ├── content-type@1.0.4
150 silly idealTree:prePrune ├── cookie-signature@1.0.6
150 silly idealTree:prePrune ├── cookie@0.4.0
150 silly idealTree:prePrune ├── debug@2.6.9
150 silly idealTree:prePrune ├── depd@1.1.2
150 silly idealTree:prePrune ├── destroy@1.0.4
150 silly idealTree:prePrune ├── ee-first@1.1.1
150 silly idealTree:prePrune ├── encodeurl@1.0.2
150 silly idealTree:prePrune ├── escape-html@1.0.3
150 silly idealTree:prePrune ├── etag@1.8.1
150 silly idealTree:prePrune ├── express@4.17.1
150 silly idealTree:prePrune ├── finalhandler@1.1.2
150 silly idealTree:prePrune ├── forwarded@0.1.2
150 silly idealTree:prePrune ├── fresh@0.5.2
150 silly idealTree:prePrune ├── http-errors@1.7.2
150 silly idealTree:prePrune ├── iconv-lite@0.4.24
150 silly idealTree:prePrune ├── inherits@2.0.3
150 silly idealTree:prePrune ├── ipaddr.js@1.9.0
150 silly idealTree:prePrune ├── media-typer@0.3.0
150 silly idealTree:prePrune ├── merge-descriptors@1.0.1
150 silly idealTree:prePrune ├── methods@1.1.2
150 silly idealTree:prePrune ├── mime-db@1.42.0
150 silly idealTree:prePrune ├── mime-types@2.1.25
150 silly idealTree:prePrune ├── mime@1.6.0
150 silly idealTree:prePrune ├── ms@2.0.0
150 silly idealTree:prePrune ├── negotiator@0.6.2
150 silly idealTree:prePrune ├── on-finished@2.3.0
150 silly idealTree:prePrune ├── parseurl@1.3.3
150 silly idealTree:prePrune ├── path-to-regexp@0.1.7
150 silly idealTree:prePrune ├── proxy-addr@2.0.5
150 silly idealTree:prePrune ├── qs@6.7.0
150 silly idealTree:prePrune ├── range-parser@1.2.1
150 silly idealTree:prePrune ├── raw-body@2.4.0
150 silly idealTree:prePrune ├── safe-buffer@5.1.2
150 silly idealTree:prePrune ├── safer-buffer@2.1.2
150 silly idealTree:prePrune ├─┬ send@0.17.1
150 silly idealTree:prePrune │ └── ms@2.1.1
150 silly idealTree:prePrune ├── serve-static@1.14.1
150 silly idealTree:prePrune ├── setprototypeof@1.1.1
150 silly idealTree:prePrune ├── statuses@1.5.0
150 silly idealTree:prePrune ├── toidentifier@1.0.0
150 silly idealTree:prePrune ├── type-is@1.6.18
150 silly idealTree:prePrune ├── unpipe@1.0.0
150 silly idealTree:prePrune ├── utils-merge@1.0.1
150 silly idealTree:prePrune └── vary@1.1.2
151 silly loadIdealTree Finishing
152 silly currentTree server@1.0.0
152 silly currentTree ├── accepts@1.3.7
152 silly currentTree ├── array-flatten@1.1.1
152 silly currentTree ├── body-parser@1.19.0
152 silly currentTree ├── bytes@3.1.0
152 silly currentTree ├── content-disposition@0.5.3
152 silly currentTree ├── content-type@1.0.4
152 silly currentTree ├── cookie-signature@1.0.6
152 silly currentTree ├── cookie@0.4.0
152 silly currentTree ├── debug@2.6.9
152 silly currentTree ├── depd@1.1.2
152 silly currentTree ├── destroy@1.0.4
152 silly currentTree ├── ee-first@1.1.1
152 silly currentTree ├── encodeurl@1.0.2
152 silly currentTree ├── escape-html@1.0.3
152 silly currentTree ├── etag@1.8.1
152 silly currentTree ├── finalhandler@1.1.2
152 silly currentTree ├── forwarded@0.1.2
152 silly currentTree ├── fresh@0.5.2
152 silly currentTree ├── http-errors@1.7.2
152 silly currentTree ├── iconv-lite@0.4.24
152 silly currentTree ├── inherits@2.0.3
152 silly currentTree ├── ipaddr.js@1.9.0
152 silly currentTree ├── media-typer@0.3.0
152 silly currentTree ├── merge-descriptors@1.0.1
152 silly currentTree ├── methods@1.1.2
152 silly currentTree ├── mime-db@1.42.0
152 silly currentTree ├── mime-types@2.1.25
152 silly currentTree ├── ms@2.0.0
152 silly currentTree ├── negotiator@0.6.2
152 silly currentTree ├── on-finished@2.3.0
152 silly currentTree ├── parseurl@1.3.3
152 silly currentTree ├── path-to-regexp@0.1.7
152 silly currentTree ├── proxy-addr@2.0.5
152 silly currentTree ├── qs@6.7.0
152 silly currentTree ├── range-parser@1.2.1
152 silly currentTree ├── raw-body@2.4.0
152 silly currentTree ├── safe-buffer@5.1.2
152 silly currentTree ├── safer-buffer@2.1.2
152 silly currentTree ├── serve-static@1.14.1
152 silly currentTree ├── setprototypeof@1.1.1
152 silly currentTree ├── statuses@1.5.0
152 silly currentTree ├── toidentifier@1.0.0
152 silly currentTree ├── type-is@1.6.18
152 silly currentTree ├── unpipe@1.0.0
152 silly currentTree ├── utils-merge@1.0.1
152 silly currentTree └── vary@1.1.2
153 silly idealTree server@1.0.0
153 silly idealTree ├── accepts@1.3.7
153 silly idealTree ├── array-flatten@1.1.1
153 silly idealTree ├── body-parser@1.19.0
153 silly idealTree ├── bytes@3.1.0
153 silly idealTree ├── content-disposition@0.5.3
153 silly idealTree ├── content-type@1.0.4
153 silly idealTree ├── cookie-signature@1.0.6
153 silly idealTree ├── cookie@0.4.0
153 silly idealTree ├── debug@2.6.9
153 silly idealTree ├── depd@1.1.2
153 silly idealTree ├── destroy@1.0.4
153 silly idealTree ├── ee-first@1.1.1
153 silly idealTree ├── encodeurl@1.0.2
153 silly idealTree ├── escape-html@1.0.3
153 silly idealTree ├── etag@1.8.1
153 silly idealTree ├── express@4.17.1
153 silly idealTree ├── finalhandler@1.1.2
153 silly idealTree ├── forwarded@0.1.2
153 silly idealTree ├── fresh@0.5.2
153 silly idealTree ├── http-errors@1.7.2
153 silly idealTree ├── iconv-lite@0.4.24
153 silly idealTree ├── inherits@2.0.3
153 silly idealTree ├── ipaddr.js@1.9.0
153 silly idealTree ├── media-typer@0.3.0
153 silly idealTree ├── merge-descriptors@1.0.1
153 silly idealTree ├── methods@1.1.2
153 silly idealTree ├── mime-db@1.42.0
153 silly idealTree ├── mime-types@2.1.25
153 silly idealTree ├── mime@1.6.0
153 silly idealTree ├── ms@2.0.0
153 silly idealTree ├── negotiator@0.6.2
153 silly idealTree ├── on-finished@2.3.0
153 silly idealTree ├── parseurl@1.3.3
153 silly idealTree ├── path-to-regexp@0.1.7
153 silly idealTree ├── proxy-addr@2.0.5
153 silly idealTree ├── qs@6.7.0
153 silly idealTree ├── range-parser@1.2.1
153 silly idealTree ├── raw-body@2.4.0
153 silly idealTree ├── safe-buffer@5.1.2
153 silly idealTree ├── safer-buffer@2.1.2
153 silly idealTree ├─┬ send@0.17.1
153 silly idealTree │ └── ms@2.1.1
153 silly idealTree ├── serve-static@1.14.1
153 silly idealTree ├── setprototypeof@1.1.1
153 silly idealTree ├── statuses@1.5.0
153 silly idealTree ├── toidentifier@1.0.0
153 silly idealTree ├── type-is@1.6.18
153 silly idealTree ├── unpipe@1.0.0
153 silly idealTree ├── utils-merge@1.0.1
153 silly idealTree └── vary@1.1.2
154 silly generateActionsToTake Starting
155 silly install generateActionsToTake
156 silly generateActionsToTake Finishing
157 silly diffTrees action count 4
158 silly diffTrees add mime@1.6.0
159 silly diffTrees add ms@2.1.1
160 silly diffTrees add send@0.17.1
161 silly diffTrees add express@4.17.1
162 silly decomposeActions action count 32
163 silly decomposeActions fetch mime@1.6.0
164 silly decomposeActions extract mime@1.6.0
165 silly decomposeActions test mime@1.6.0
166 silly decomposeActions preinstall mime@1.6.0
167 silly decomposeActions build mime@1.6.0
168 silly decomposeActions install mime@1.6.0
169 silly decomposeActions postinstall mime@1.6.0
170 silly decomposeActions finalize mime@1.6.0
171 silly decomposeActions fetch ms@2.1.1
172 silly decomposeActions extract ms@2.1.1
173 silly decomposeActions test ms@2.1.1
174 silly decomposeActions preinstall ms@2.1.1
175 silly decomposeActions build ms@2.1.1
176 silly decomposeActions install ms@2.1.1
177 silly decomposeActions postinstall ms@2.1.1
178 silly decomposeActions finalize ms@2.1.1
179 silly decomposeActions fetch send@0.17.1
180 silly decomposeActions extract send@0.17.1
181 silly decomposeActions test send@0.17.1
182 silly decomposeActions preinstall send@0.17.1
183 silly decomposeActions build send@0.17.1
184 silly decomposeActions install send@0.17.1
185 silly decomposeActions postinstall send@0.17.1
186 silly decomposeActions finalize send@0.17.1
187 silly decomposeActions fetch express@4.17.1
188 silly decomposeActions extract express@4.17.1
189 silly decomposeActions test express@4.17.1
190 silly decomposeActions preinstall express@4.17.1
191 silly decomposeActions build express@4.17.1
192 silly decomposeActions install express@4.17.1
193 silly decomposeActions postinstall express@4.17.1
194 silly decomposeActions finalize express@4.17.1
195 silly executeActions Starting
196 silly install executeActions
197 silly doSerial global-install 0
198 silly doParallel fetch 4
199 verbose lock using /home/penguin/.npm/_locks/staging-eb7923646918eb75.lock for /media/penguin/9504-D9B4/TugasWeb2/server/node_modules/.staging
200 silly doParallel extract 4
201 silly extract mime@1.6.0
202 silly extract ms@2.1.1
203 silly extract send@0.17.1
204 silly extract express@4.17.1
205 verbose unbuild node_modules/.staging/ms-2e2d868e
206 verbose unbuild node_modules/.staging/send-26c02d7c
207 verbose unbuild node_modules/.staging/express-ac7e3444
208 verbose unbuild node_modules/.staging/mime-aca08bdc
209 silly gentlyRm /media/penguin/9504-D9B4/TugasWeb2/server/node_modules/.staging/ms-2e2d868e is being purged from base /media/penguin/9504-D9B4/TugasWeb2/server
210 verbose gentlyRm don't care about contents; nuking /media/penguin/9504-D9B4/TugasWeb2/server/node_modules/.staging/ms-2e2d868e
211 silly gentlyRm /media/penguin/9504-D9B4/TugasWeb2/server/node_modules/.staging/send-26c02d7c is being purged from base /media/penguin/9504-D9B4/TugasWeb2/server
212 verbose gentlyRm don't care about contents; nuking /media/penguin/9504-D9B4/TugasWeb2/server/node_modules/.staging/send-26c02d7c
213 silly gentlyRm /media/penguin/9504-D9B4/TugasWeb2/server/node_modules/.staging/express-ac7e3444 is being purged from base /media/penguin/9504-D9B4/TugasWeb2/server
214 verbose gentlyRm don't care about contents; nuking /media/penguin/9504-D9B4/TugasWeb2/server/node_modules/.staging/express-ac7e3444
215 silly gentlyRm /media/penguin/9504-D9B4/TugasWeb2/server/node_modules/.staging/mime-aca08bdc is being purged from base /media/penguin/9504-D9B4/TugasWeb2/server
216 verbose gentlyRm don't care about contents; nuking /media/penguin/9504-D9B4/TugasWeb2/server/node_modules/.staging/mime-aca08bdc
217 verbose tar unpack /home/penguin/.npm/ms/2.1.1/package.tgz
218 verbose tar unpacking to /media/penguin/9504-D9B4/TugasWeb2/server/node_modules/.staging/ms-2e2d868e
219 silly gentlyRm /media/penguin/9504-D9B4/TugasWeb2/server/node_modules/.staging/ms-2e2d868e is being purged
220 verbose gentlyRm don't care about contents; nuking /media/penguin/9504-D9B4/TugasWeb2/server/node_modules/.staging/ms-2e2d868e
221 verbose tar unpack /home/penguin/.npm/send/0.17.1/package.tgz
222 verbose tar unpacking to /media/penguin/9504-D9B4/TugasWeb2/server/node_modules/.staging/send-26c02d7c
223 silly gentlyRm /media/penguin/9504-D9B4/TugasWeb2/server/node_modules/.staging/send-26c02d7c is being purged
224 verbose gentlyRm don't care about contents; nuking /media/penguin/9504-D9B4/TugasWeb2/server/node_modules/.staging/send-26c02d7c
225 verbose tar unpack /home/penguin/.npm/express/4.17.1/package.tgz
226 verbose tar unpacking to /media/penguin/9504-D9B4/TugasWeb2/server/node_modules/.staging/express-ac7e3444
227 silly gentlyRm /media/penguin/9504-D9B4/TugasWeb2/server/node_modules/.staging/express-ac7e3444 is being purged
228 verbose gentlyRm don't care about contents; nuking /media/penguin/9504-D9B4/TugasWeb2/server/node_modules/.staging/express-ac7e3444
229 verbose tar unpack /home/penguin/.npm/mime/1.6.0/package.tgz
230 verbose tar unpacking to /media/penguin/9504-D9B4/TugasWeb2/server/node_modules/.staging/mime-aca08bdc
231 silly gentlyRm /media/penguin/9504-D9B4/TugasWeb2/server/node_modules/.staging/mime-aca08bdc is being purged
232 verbose gentlyRm don't care about contents; nuking /media/penguin/9504-D9B4/TugasWeb2/server/node_modules/.staging/mime-aca08bdc
233 silly gunzTarPerm modes [ '755', '644' ]
234 silly gunzTarPerm modes [ '755', '644' ]
235 silly gunzTarPerm modes [ '755', '644' ]
236 silly gunzTarPerm modes [ '755', '644' ]
237 silly gunzTarPerm extractEntry package.json
238 silly gunzTarPerm extractEntry package.json
239 silly gunzTarPerm extractEntry package.json
240 silly gunzTarPerm extractEntry package.json
241 silly gunzTarPerm extractEntry index.js
242 silly gunzTarPerm extractEntry license.md
243 silly gunzTarPerm extractEntry HISTORY.md
244 silly gunzTarPerm extractEntry index.js
245 silly gunzTarPerm extractEntry History.md
246 silly gunzTarPerm extractEntry .npmignore
247 silly gunzTarPerm extractEntry README.md
248 silly gunzTarPerm extractEntry index.js
249 silly gunzTarPerm extractEntry LICENSE
250 silly gunzTarPerm extractEntry Readme.md
251 silly gunzTarPerm extractEntry lib/application.js
252 silly gunzTarPerm extractEntry readme.md
253 silly gunzTarPerm extractEntry LICENSE
254 silly gunzTarPerm extractEntry mime.js
255 silly gunzTarPerm extractEntry LICENSE
256 silly gunzTarPerm extractEntry cli.js
257 silly gunzTarPerm extractEntry CHANGELOG.md
258 silly gunzTarPerm extractEntry src/build.js
259 silly gunzTarPerm extractEntry README.md
260 silly gunzTarPerm extractEntry lib/express.js
261 silly gunzTarPerm extractEntry src/test.js
262 silly gunzTarPerm extractEntry types.json
263 silly gunzTarPerm extractEntry lib/middleware/init.js
264 silly gunzTarPerm extractEntry lib/middleware/query.js
265 silly gunzTarPerm extractEntry lib/request.js
266 silly gunzTarPerm extractEntry lib/response.js
267 silly gunzTarPerm extractEntry lib/router/index.js
268 silly gunzTarPerm extractEntry lib/router/layer.js
269 silly gentlyRm /media/penguin/9504-D9B4/TugasWeb2/server/node_modules/.staging/ms-2e2d868e/node_modules is being purged
270 verbose gentlyRm don't care about contents; nuking /media/penguin/9504-D9B4/TugasWeb2/server/node_modules/.staging/ms-2e2d868e/node_modules
271 silly gunzTarPerm extractEntry lib/router/route.js
272 silly gunzTarPerm extractEntry lib/utils.js
273 silly gentlyRm /media/penguin/9504-D9B4/TugasWeb2/server/node_modules/.staging/send-26c02d7c/node_modules is being purged
274 verbose gentlyRm don't care about contents; nuking /media/penguin/9504-D9B4/TugasWeb2/server/node_modules/.staging/send-26c02d7c/node_modules
275 silly gunzTarPerm extractEntry lib/view.js
276 silly gentlyRm /media/penguin/9504-D9B4/TugasWeb2/server/node_modules/.staging/mime-aca08bdc/node_modules is being purged
277 verbose gentlyRm don't care about contents; nuking /media/penguin/9504-D9B4/TugasWeb2/server/node_modules/.staging/mime-aca08bdc/node_modules
278 silly gentlyRm /media/penguin/9504-D9B4/TugasWeb2/server/node_modules/.staging/express-ac7e3444/node_modules is being purged
279 verbose gentlyRm don't care about contents; nuking /media/penguin/9504-D9B4/TugasWeb2/server/node_modules/.staging/express-ac7e3444/node_modules
280 silly doParallel preinstall 4
281 silly preinstall mime@1.6.0 /media/penguin/9504-D9B4/TugasWeb2/server/node_modules/.staging/mime-aca08bdc
282 info lifecycle mime@1.6.0~preinstall: mime@1.6.0
283 silly preinstall ms@2.1.1 /media/penguin/9504-D9B4/TugasWeb2/server/node_modules/.staging/ms-2e2d868e
284 info lifecycle ms@2.1.1~preinstall: ms@2.1.1
285 silly preinstall send@0.17.1 /media/penguin/9504-D9B4/TugasWeb2/server/node_modules/.staging/send-26c02d7c
286 info lifecycle send@0.17.1~preinstall: send@0.17.1
287 silly preinstall express@4.17.1 /media/penguin/9504-D9B4/TugasWeb2/server/node_modules/.staging/express-ac7e3444
288 info lifecycle express@4.17.1~preinstall: express@4.17.1
289 silly lifecycle mime@1.6.0~preinstall: no script for preinstall, continuing
290 silly lifecycle ms@2.1.1~preinstall: no script for preinstall, continuing
291 silly lifecycle send@0.17.1~preinstall: no script for preinstall, continuing
292 silly lifecycle express@4.17.1~preinstall: no script for preinstall, continuing
293 silly doReverseSerial remove 0
294 silly doSerial move 0
295 silly doSerial finalize 4
296 silly finalize /media/penguin/9504-D9B4/TugasWeb2/server/node_modules/mime
297 silly finalize /media/penguin/9504-D9B4/TugasWeb2/server/node_modules/send/node_modules/ms
298 silly finalize /media/penguin/9504-D9B4/TugasWeb2/server/node_modules/send
299 silly finalize /media/penguin/9504-D9B4/TugasWeb2/server/node_modules/express
300 silly doSerial build 4
301 silly build mime@1.6.0
302 info linkStuff mime@1.6.0
303 silly linkStuff mime@1.6.0 has /media/penguin/9504-D9B4/TugasWeb2/server/node_modules as its parent node_modules
304 verbose linkBins mime@1.6.0
305 verbose link bins [ { mime: 'cli.js' },
305 verbose link bins   '/media/penguin/9504-D9B4/TugasWeb2/server/node_modules/.bin',
305 verbose link bins   false ]
306 verbose linkMans mime@1.6.0
307 silly gentlyRm /media/penguin/9504-D9B4/TugasWeb2/server/node_modules/.bin/mime is being purged
308 verbose gentlyRm don't care about contents; nuking /media/penguin/9504-D9B4/TugasWeb2/server/node_modules/.bin/mime
309 verbose unlock done using /home/penguin/.npm/_locks/staging-eb7923646918eb75.lock for /media/penguin/9504-D9B4/TugasWeb2/server/node_modules/.staging
310 silly rollbackFailedOptional Starting
311 silly rollbackFailedOptional Finishing
312 silly runTopLevelLifecycles Starting
313 silly runTopLevelLifecycles Finishing
314 silly install printInstalled
315 warn server@1.0.0 No description
316 warn server@1.0.0 No repository field.
317 verbose stack Error: EPERM: operation not permitted, symlink '../mime/cli.js' -> '/media/penguin/9504-D9B4/TugasWeb2/server/node_modules/.bin/mime'
318 verbose cwd /media/penguin/9504-D9B4/TugasWeb2/server
319 error Linux 4.15.0-72-generic
320 error argv "/usr/bin/node" "/usr/bin/npm" "install" "express"
321 error node v8.10.0
322 error npm  v3.5.2
323 error path ../mime/cli.js
324 error code EPERM
325 error errno -1
326 error syscall symlink
327 error Error: EPERM: operation not permitted, symlink '../mime/cli.js' -> '/media/penguin/9504-D9B4/TugasWeb2/server/node_modules/.bin/mime'
327 error  { Error: EPERM: operation not permitted, symlink '../mime/cli.js' -> '/media/penguin/9504-D9B4/TugasWeb2/server/node_modules/.bin/mime'
327 error   errno: -1,
327 error   code: 'EPERM',
327 error   syscall: 'symlink',
327 error   path: '../mime/cli.js',
327 error   dest: '/media/penguin/9504-D9B4/TugasWeb2/server/node_modules/.bin/mime',
327 error   parent: 'server' }
328 error Please try running this command again as root/Administrator.
329 verbose exit [ -1, true ]
